Running SLURM prolog script on gold51.cluster.local
===============================================================================
Job started on Wed Oct  4 10:16:17 BST 2023
Job ID          : 4838695
Job name        : muffin-basket-tester-14.sbatch
WorkDir         : /mainfs/home/rgs1e22/cgenie.muffin/genie-main
Command         : /home/rgs1e22/cgenie.jobs/muffin-basket-tester-14.sbatch
Partition       : serial
Num hosts       : 1
Num cores       : 2
Num of tasks    : 2
Hosts allocated : gold51
Job Output Follows ...
===============================================================================

Modules based on Lua: Version 8.2.7  2019-11-30 09:41 -06:00
    by Robert McLay mclay@tacc.utexas.edu

module [options] sub-command [args ...]

Help sub-commands:
------------------
  help                              prints this message
  help                module [...]  print help message from module(s)

Loading/Unloading sub-commands:
-------------------------------
  load | add          module [...]  load module(s)
  try-load | try-add  module [...]  Add module(s), do not complain if not
                                    found
  del | unload        module [...]  Remove module(s), do not complain if not
                                    found
  swap | sw | switch  m1 m2         unload m1 and load m2
  purge                             unload all modules
  refresh                           reload aliases from current list of
                                    modules.
  update                            reload all currently loaded modules.

Listing / Searching sub-commands:
---------------------------------
  list                              List loaded modules
  list                s1 s2 ...     List loaded modules that match the
                                    pattern
  avail | av                        List available modules
  avail | av          string        List available modules that contain
                                    "string".
  spider                            List all possible modules
  spider              module        List all possible version of that module
                                    file
  spider              string        List all module that contain the
                                    "string".
  spider              name/version  Detailed information about that version
                                    of the module.
  whatis              module        Print whatis information about module
  keyword | key       string        Search all name and whatis that contain
                                    "string".

Searching with Lmod:
--------------------
  All searching (spider, list, avail, keyword) support regular expressions:
  

  -r spider           '^p'          Finds all the modules that start with
                                    `p' or `P'
  -r spider           mpi           Finds all modules that have "mpi" in
                                    their name.
  -r spider           'mpi$         Finds all modules that end with "mpi" in
                                    their name.

Handling a collection of modules:
--------------------------------
  save | s                          Save the current list of modules to a
                                    user defined "default" collection.
  save | s            name          Save the current list of modules to
                                    "name" collection.
  reset                             The same as "restore system"
  restore | r                       Restore modules from the user's
                                    "default" or system default.
  restore | r         name          Restore modules from "name" collection.
  restore             system        Restore module state to system defaults.
  savelist                          List of saved collections.
  describe | mcc      name          Describe the contents of a module
                                    collection.
  disable             name          Disable (i.e. remove) a collection.

Deprecated commands:
--------------------
  getdefault          [name]        load name collection of modules or
                                    user's "default" if no name given.
                                    ===> Use "restore" instead <====
  setdefault          [name]        Save current list of modules to name if
                                    given, otherwise save as the default
                                    list for you the user.
                                    ===> Use "save" instead. <====

Miscellaneous sub-commands:
---------------------------
  is-loaded           modulefile    return a true status if module is loaded
  is-avail            modulefile    return a true status if module can be
                                    loaded
  show                modulefile    show the commands in the module file.
  use [-a]            path          Prepend or Append path to MODULEPATH.
  unuse               path          remove path from MODULEPATH.
  tablelist                         output list of active modules as a lua
                                    table.

Important Environment Variables:
--------------------------------
  LMOD_COLORIZE                     If defined to be "YES" then Lmod prints
                                    properties and warning in color.

    --------------------------------------------------------------------------

Lmod Web Sites

  Documentation:    http://lmod.readthedocs.org
  Github:           https://github.com/TACC/Lmod
  Sourceforge:      https://lmod.sf.net
  TACC Homepage:    https://www.tacc.utexas.edu/research-development/tacc-projects/lmod

  To report a bug please read http://lmod.readthedocs.io/en/latest/075_bug_reporting.html
    --------------------------------------------------------------------------



Modules based on Lua: Version 8.2.7  2019-11-30 09:41 -06:00
    by Robert McLay mclay@tacc.utexas.edu

module [options] sub-command [args ...]

Help sub-commands:
------------------
  help                              prints this message
  help                module [...]  print help message from module(s)

Loading/Unloading sub-commands:
-------------------------------
  load | add          module [...]  load module(s)
  try-load | try-add  module [...]  Add module(s), do not complain if not
                                    found
  del | unload        module [...]  Remove module(s), do not complain if not
                                    found
  swap | sw | switch  m1 m2         unload m1 and load m2
  purge                             unload all modules
  refresh                           reload aliases from current list of
                                    modules.
  update                            reload all currently loaded modules.

Listing / Searching sub-commands:
---------------------------------
  list                              List loaded modules
  list                s1 s2 ...     List loaded modules that match the
                                    pattern
  avail | av                        List available modules
  avail | av          string        List available modules that contain
                                    "string".
  spider                            List all possible modules
  spider              module        List all possible version of that module
                                    file
  spider              string        List all module that contain the
                                    "string".
  spider              name/version  Detailed information about that version
                                    of the module.
  whatis              module        Print whatis information about module
  keyword | key       string        Search all name and whatis that contain
                                    "string".

Searching with Lmod:
--------------------
  All searching (spider, list, avail, keyword) support regular expressions:
  

  -r spider           '^p'          Finds all the modules that start with
                                    `p' or `P'
  -r spider           mpi           Finds all modules that have "mpi" in
                                    their name.
  -r spider           'mpi$         Finds all modules that end with "mpi" in
                                    their name.

Handling a collection of modules:
--------------------------------
  save | s                          Save the current list of modules to a
                                    user defined "default" collection.
  save | s            name          Save the current list of modules to
                                    "name" collection.
  reset                             The same as "restore system"
  restore | r                       Restore modules from the user's
                                    "default" or system default.
  restore | r         name          Restore modules from "name" collection.
  restore             system        Restore module state to system defaults.
  savelist                          List of saved collections.
  describe | mcc      name          Describe the contents of a module
                                    collection.
  disable             name          Disable (i.e. remove) a collection.

Deprecated commands:
--------------------
  getdefault          [name]        load name collection of modules or
                                    user's "default" if no name given.
                                    ===> Use "restore" instead <====
  setdefault          [name]        Save current list of modules to name if
                                    given, otherwise save as the default
                                    list for you the user.
                                    ===> Use "save" instead. <====

Miscellaneous sub-commands:
---------------------------
  is-loaded           modulefile    return a true status if module is loaded
  is-avail            modulefile    return a true status if module can be
                                    loaded
  show                modulefile    show the commands in the module file.
  use [-a]            path          Prepend or Append path to MODULEPATH.
  unuse               path          remove path from MODULEPATH.
  tablelist                         output list of active modules as a lua
                                    table.

Important Environment Variables:
--------------------------------
  LMOD_COLORIZE                     If defined to be "YES" then Lmod prints
                                    properties and warning in color.

    --------------------------------------------------------------------------

Lmod Web Sites

  Documentation:    http://lmod.readthedocs.org
  Github:           https://github.com/TACC/Lmod
  Sourceforge:      https://lmod.sf.net
  TACC Homepage:    https://www.tacc.utexas.edu/research-development/tacc-projects/lmod

  To report a bug please read http://lmod.readthedocs.io/en/latest/075_bug_reporting.html
    --------------------------------------------------------------------------


/tmp/slurmd/job4838695/slurm_script: line 12: syntax error near unexpected token `)'
/tmp/slurmd/job4838695/slurm_script: line 12: `((cd /scratch/$USER/cgenie.muffin/genie-main-2; make cleanall; LD_LIBRARY_PATH=/scratch/rgs1e22/cgenie.muffin/genie-main-2/netcdf_libs/lib; export LD_LIBRARY_PATH;  ./runmuffin.sh muffin.CB.V21a_111.BASES RGS/HADCM3L_16lvl_b-3/muffin.CB.V21a_111.BASES muffin.CB.V21a_111.BASES-2.config 300 &> ~/cgenie_log/cGEnIE.output_muffin.test_2023-10-04d.log) || ()&'
==============================================================================
Running epilogue script on gold51.

Submit time  : 2023-10-04T10:15:31
Start time   : 2023-10-04T10:16:16
End time     : 2023-10-04T10:16:16
Elapsed time : 00:00:00 (Timelimit=01:00:00)

Job ID: 4838695
Cluster: i5
User/Group: rgs1e22/hn
State: FAILED (exit code 2)
Nodes: 1
Cores per node: 2
CPU Utilized: 00:00:00
CPU Efficiency: 0.00% of 00:00:00 core-walltime
Job Wall-clock time: 00:00:00
Memory Utilized: 2.27 MB
Memory Efficiency: 0.00% of 46.14 GB

