Running SLURM prolog script on gold51.cluster.local
===============================================================================
Job started on Tue Oct  3 20:21:12 BST 2023
Job ID          : 4836583
Job name        : muffin-basket-tester-10.sbatch
WorkDir         : /mainfs/home/rgs1e22/cgenie.muffin/genie-main
Command         : /home/rgs1e22/cgenie.jobs/muffin-basket-tester-10.sbatch
Partition       : serial
Num hosts       : 1
Num cores       : 2
Num of tasks    : 2
Hosts allocated : gold51
Job Output Follows ...
===============================================================================
==============================================================================
Running epilogue script on gold51.

Submit time  : 2023-10-03T20:20:45
Start time   : 2023-10-03T20:21:12
End time     : 2023-10-03T20:21:14
Elapsed time : 00:00:02 (Timelimit=04:00:00)

Job ID: 4836583
Cluster: i5
User/Group: rgs1e22/hn
State: FAILED (exit code 2)
Nodes: 1
Cores per node: 2
CPU Utilized: 00:00:01
CPU Efficiency: 25.00% of 00:00:04 core-walltime
Job Wall-clock time: 00:00:02
Memory Utilized: 2.09 MB
Memory Efficiency: 0.00% of 46.14 GB

